<?xml version="1.0" encoding="UTF-8"?>
<!-- Generated by org.testng.reporters.JUnitReportReporter -->
<testsuite hostname="MP2CB7AN" failures="0" tests="1" name="dataDriven.excelDataProvider.excel" time="0.503" errors="0" timestamp="2024-02-20T16:28:25 CST" skipped="0">
  <testcase classname="dataDriven.excelDataProvider.excel" name="getExcel" time="0.503"/>
  <system-out/>
</testsuite> <!-- dataDriven.excelDataProvider.excel -->
