<?xml version="1.0" encoding="UTF-8"?>
<!-- Generated by org.testng.reporters.JUnitReportReporter -->
<testsuite hostname="MP2CB7AN" failures="0" tests="3" name="dataDriven.excelDataProvider.dataPovider" time="0.006" errors="0" timestamp="2024-02-20T16:42:38 CST" skipped="0">
  <testcase classname="dataDriven.excelDataProvider.dataPovider" name="testCaseData" time="0.004"/>
  <system-out/>
  <testcase classname="dataDriven.excelDataProvider.dataPovider" name="testCaseData" time="0.001"/>
  <system-out/>
  <testcase classname="dataDriven.excelDataProvider.dataPovider" name="testCaseData" time="0.001"/>
  <system-out/>
</testsuite> <!-- dataDriven.excelDataProvider.dataPovider -->
